Using pre-set license
Built from '2020.3/staging' branch; Version is '2020.3.24f1 (79c78de19888) revision 7980941'; Using compiler version '192528614'; Build Type 'Release'
OS: 'Windows 11  (10.0.22000) 64bit CoreSingleLanguage' Language: 'en' Physical Memory: 16215 MB
BatchMode: 1, IsHumanControllingUs: 0, StartBugReporterOnCrash: 0, Is64bit: 1, IsPro: 0

COMMAND LINE ARGUMENTS:
C:\Program Files\Unity\Hub\Editor\2020.3.24f1\Editor\Unity.exe
-adb2
-batchMode
-noUpm
-name
AssetImportWorker0
-projectPath
C:/Users/Acer/Desktop/C4-Lab5-G2-main
-logFile
Logs/AssetImportWorker0.log
-srvPort
58203
Successfully changed project path to: C:/Users/Acer/Desktop/C4-Lab5-G2-main
C:/Users/Acer/Desktop/C4-Lab5-G2-main
Using Asset Import Pipeline V2.
Refreshing native plugins compatible for Editor in 29.54 ms, found 2 plugins.
Preloading 0 native plugins for Editor in 0.00 ms.
Initialize engine version: 2020.3.24f1 (79c78de19888)
[Subsystems] Discovering subsystems at path C:/Program Files/Unity/Hub/Editor/2020.3.24f1/Editor/Data/Resources/UnitySubsystems
[Subsystems] Discovering subsystems at path C:/Users/Acer/Desktop/C4-Lab5-G2-main/Assets
GfxDevice: creating device client; threaded=0
Direct3D:
    Version:  Direct3D 11.0 [level 11.1]
    Renderer: NVIDIA GeForce RTX 2060 (ID=0x1f15)
    Vendor:   
    VRAM:     5980 MB
    Driver:   27.21.14.5730
Initialize mono
Mono path[0] = 'C:/Program Files/Unity/Hub/Editor/2020.3.24f1/Editor/Data/Managed'
Mono path[1] = 'C:/Program Files/Unity/Hub/Editor/2020.3.24f1/Editor/Data/MonoBleedingEdge/lib/mono/unityjit'
Mono config path = 'C:/Program Files/Unity/Hub/Editor/2020.3.24f1/Editor/Data/MonoBleedingEdge/etc'
Using monoOptions --debugger-agent=transport=dt_socket,embedding=1,server=y,suspend=n,address=127.0.0.1:56832
Begin MonoManager ReloadAssembly
Registering precompiled unity dll's ...
Register platform support module: C:/Program Files/Unity/Hub/Editor/2020.3.24f1/Editor/Data/PlaybackEngines/WindowsStandaloneSupport/UnityEditor.WindowsStandalone.Extensions.dll
Registered in 0.000967 seconds.
Native extension for WindowsStandalone target not found
Refreshing native plugins compatible for Editor in 30.45 ms, found 2 plugins.
Preloading 0 native plugins for Editor in 0.00 ms.
Mono: successfully reloaded assembly
- Completed reload, in  0.499 seconds
Domain Reload Profiling:
	ReloadAssembly (500ms)
		BeginReloadAssembly (40ms)
			ExecutionOrderSort (0ms)
			DisableScriptedObjects (0ms)
			BackupInstance (0ms)
			ReleaseScriptingObjects (0ms)
			CreateAndSetChildDomain (1ms)
		EndReloadAssembly (402ms)
			LoadAssemblies (38ms)
			RebuildTransferFunctionScriptingTraits (0ms)
			SetupTypeCache (132ms)
			ReleaseScriptCaches (0ms)
			RebuildScriptCaches (27ms)
			SetupLoadedEditorAssemblies (146ms)
				LogAssemblyErrors (0ms)
				InitializePlatformSupportModulesInManaged (3ms)
				SetLoadedEditorAssemblies (0ms)
				RefreshPlugins (31ms)
				BeforeProcessingInitializeOnLoad (11ms)
				ProcessInitializeOnLoadAttributes (76ms)
				ProcessInitializeOnLoadMethodAttributes (25ms)
				AfterProcessingInitializeOnLoad (0ms)
				EditorAssembliesLoaded (0ms)
			ExecutionOrderSort2 (0ms)
			AwakeInstancesAfterBackupRestoration (0ms)
Platform modules already initialized, skipping
Registering precompiled user dll's ...
Registered in 0.003147 seconds.
Begin MonoManager ReloadAssembly
Native extension for WindowsStandalone target not found
Refreshing native plugins compatible for Editor in 0.32 ms, found 2 plugins.
Preloading 0 native plugins for Editor in 0.00 ms.
Mono: successfully reloaded assembly
- Completed reload, in  1.293 seconds
Domain Reload Profiling:
	ReloadAssembly (1294ms)
		BeginReloadAssembly (116ms)
			ExecutionOrderSort (0ms)
			DisableScriptedObjects (4ms)
			BackupInstance (0ms)
			ReleaseScriptingObjects (0ms)
			CreateAndSetChildDomain (15ms)
		EndReloadAssembly (1128ms)
			LoadAssemblies (65ms)
			RebuildTransferFunctionScriptingTraits (0ms)
			SetupTypeCache (238ms)
			ReleaseScriptCaches (0ms)
			RebuildScriptCaches (40ms)
			SetupLoadedEditorAssemblies (698ms)
				LogAssemblyErrors (0ms)
				InitializePlatformSupportModulesInManaged (4ms)
				SetLoadedEditorAssemblies (0ms)
				RefreshPlugins (0ms)
				BeforeProcessingInitializeOnLoad (82ms)
				ProcessInitializeOnLoadAttributes (158ms)
				ProcessInitializeOnLoadMethodAttributes (449ms)
				AfterProcessingInitializeOnLoad (4ms)
				EditorAssembliesLoaded (0ms)
			ExecutionOrderSort2 (0ms)
			AwakeInstancesAfterBackupRestoration (5ms)
Platform modules already initialized, skipping
========================================================================
Worker process is ready to serve import requests
Launched and connected shader compiler UnityShaderCompiler.exe after 0.05 seconds
Refreshing native plugins compatible for Editor in 0.33 ms, found 2 plugins.
Preloading 0 native plugins for Editor in 0.00 ms.
Unloading 1549 Unused Serialized files (Serialized files now loaded: 0)
System memory in use before: 69.8 MB.
System memory in use after: 69.9 MB.

Unloading 21 unused Assets to reduce memory usage. Loaded Objects now: 2005.
Total: 2.617500 ms (FindLiveObjects: 0.152100 ms CreateObjectMapping: 0.065800 ms MarkObjects: 2.341500 ms  DeleteObjects: 0.056900 ms)

AssetImportParameters requested are different than current active one (requested -> active):
  custom:framework-win-MediaFoundation: 216162199b28c13a410421893ffa2e32 -> 
  custom:video-decoder-ogg-theora: a1e56fd34408186e4bbccfd4996cb3dc -> 
  custom:container-muxer-webm: aa71ff27fc2769a1b78a27578f13a17b -> 
  custom:container-demuxer-webm: 4f35f7cbe854078d1ac9338744f61a02 -> 
  custom:container-demuxer-ogg: 62fdf1f143b41e24485cea50d1cbac27 -> 
  custom:video-encoder-webm-vp8: eb34c28f22e8b96e1ab97ce403110664 -> 
  custom:video-decoder-webm-vp8: 9c59270c3fd7afecdb556c50c9e8de78 -> 
  custom:audio-decoder-ogg-vorbis: bf7c407c2cedff20999df2af8eb42d56 -> 
  custom:audio-encoder-webm-vorbis: bf7c407c2cedff20999df2af8eb42d56 -> 
========================================================================
Received Import Request.
  path: Assets/Scenes
  artifactKey: Guid(eb4cad299b051f24fb584771db6f1237) Importer(815301076,1909f56bfc062723c751e8b465ee728b)
Start importing Assets/Scenes using Guid(eb4cad299b051f24fb584771db6f1237) Importer(815301076,1909f56bfc062723c751e8b465ee728b)  -> (artifact id: '018f6a54208869ceb71f0a08379b6f08') in 0.009205 seconds 
  Import took 0.011917 seconds .

========================================================================
Received Import Request.
  Time since last request: 0.000195 seconds.
  path: Assets/Scenes/SampleScene
  artifactKey: Guid(35f1bf12c9122ef4a9a02afa3eaa1a8f) Importer(815301076,1909f56bfc062723c751e8b465ee728b)
Start importing Assets/Scenes/SampleScene using Guid(35f1bf12c9122ef4a9a02afa3eaa1a8f) Importer(815301076,1909f56bfc062723c751e8b465ee728b)  -> (artifact id: 'f232529b9db1a38ecd0baf7e1510c232') in 0.011019 seconds 
  Import took 0.015703 seconds .

========================================================================
Received Import Request.
  Time since last request: 0.000324 seconds.
  path: Assets/Scenes/SampleScene/NavMesh.asset
  artifactKey: Guid(2b0abcb865b978b48b380f50047cc92d) Importer(815301076,1909f56bfc062723c751e8b465ee728b)
Start importing Assets/Scenes/SampleScene/NavMesh.asset using Guid(2b0abcb865b978b48b380f50047cc92d) Importer(815301076,1909f56bfc062723c751e8b465ee728b)  -> (artifact id: '557d5fd1bc4c9e75c3fb761f2cc338bf') in 0.047744 seconds 
  Import took 0.050584 seconds .

========================================================================
Received Import Request.
  Time since last request: 0.069566 seconds.
  path: Assets/Materials/248212045_3109678132611017_250515729378266353_n.mat
  artifactKey: Guid(bf0598c939fb81f4f9b7c83da8cdaba4) Importer(815301076,1909f56bfc062723c751e8b465ee728b)
Start importing Assets/Materials/248212045_3109678132611017_250515729378266353_n.mat using Guid(bf0598c939fb81f4f9b7c83da8cdaba4) Importer(815301076,1909f56bfc062723c751e8b465ee728b)  -> (artifact id: '8493173165860eb8fea95bab50a789e6') in 0.075822 seconds 
  Import took 0.078671 seconds .

========================================================================
Received Import Request.
  Time since last request: 0.547968 seconds.
  path: Assets/BehaviorBricks/ClickAndGo.asset
  artifactKey: Guid(84d4cd01d3cbce9419c4edc8cb291367) Importer(815301076,1909f56bfc062723c751e8b465ee728b)
Start importing Assets/BehaviorBricks/ClickAndGo.asset using Guid(84d4cd01d3cbce9419c4edc8cb291367) Importer(815301076,1909f56bfc062723c751e8b465ee728b) DeserializeNextElement: Viene otra cosa: EndElement. Terminamos -> (artifact id: 'dd05d6e12f1b8352118a329a17814411') in 0.020534 seconds 
  Import took 0.023130 seconds .

========================================================================
Received Import Request.
  Time since last request: 0.000193 seconds.
  path: Assets/BehaviorBricks/Wander.asset
  artifactKey: Guid(042c14e6b50b84d47bac3033b5ed3f88) Importer(815301076,1909f56bfc062723c751e8b465ee728b)
Start importing Assets/BehaviorBricks/Wander.asset using Guid(042c14e6b50b84d47bac3033b5ed3f88) Importer(815301076,1909f56bfc062723c751e8b465ee728b)  -> (artifact id: '7f1798d2e9df81b7d9a341c9cb448fa4') in 0.007893 seconds 
  Import took 0.011580 seconds .

========================================================================
Received Import Request.
  Time since last request: 36.416879 seconds.
  path: Assets/87468824_2640357442699558_1351919489893007360_n.jpg
  artifactKey: Guid(9c795f6137fb10a47bb8e4fb2667974f) Importer(815301076,1909f56bfc062723c751e8b465ee728b)
Start importing Assets/87468824_2640357442699558_1351919489893007360_n.jpg using Guid(9c795f6137fb10a47bb8e4fb2667974f) Importer(815301076,1909f56bfc062723c751e8b465ee728b)  -> (artifact id: 'fd05fdbc905d008ff56cbcd6f26b7ea8') in 0.030658 seconds 
  Import took 0.033300 seconds .

AssetImportWorkerClient::OnTransportError - code=2 error=End of file
